3_0              14984  CHANGES
3_0                354  Configure
3_0              11548  MANIFEST.new
3_0               5406  README
3_0                158  bin
3_0               7019  blurb
3_0             250714  cnv
3_0              23302  cnv/rletoabA62
3_0              18603  cnv/rletogif
3_0              44684  cnv/tex
3_0              99408  config
3_0                781  copyright
3_0               4099  etc
3_0             413524  get
3_0              15976  get/cx3d
3_0              21602  get/getmac
3_0             157784  get/getx11
3_0              21474  get/gmr27
3_0              25350  get/qcr
3_0              25032  include
3_0             154454  lib
3_0               5637  makedef.awk
3_0               2160  makefile.hdr
3_0                801  makefile.src
3_0               2826  makefile.tlr
3_0             234992  man
3_0             169805  man/man1
3_0              54973  man/man3
3_0               4617  man/man5
3_0               1302  sv.sed
3_0             387096  tools
3_0              50940  tools/clock
_etc_            25481  urt-3.0.patch1
_etc_           184077  urt-3.0.patch2
_etc_             2629  urt.README
sunos4_1          1405  README
sunos4_1         81396  sun4
sunos4_1         77303  sun4c
urt_doc         528428  doc
urt_doc         283817  doc/pics
urt_img        1843301  img
urt_tex            294  README
urt_tex         195155  man1.tex
urt_tex          68048  man3.tex
urt_tex           5231  man5.tex
urt_tex           3609  troffman.sty
