911206        47534441  vintage-911206
911206         6432700  vintage-911206/Host-independent
911206         3974219  vintage-911206/Host-independent/emacs
911206         3974219  vintage-911206/Host-independent/emacs/lisp
911206               0  vintage-911206/Host-independent/emacs/lock
911206         2332130  vintage-911206/Host-independent/info
911206          117292  vintage-911206/Host-independent/man
911206          117292  vintage-911206/Host-independent/man/man1
911206         7913313  vintage-911206/Host-sun3
911206         7913313  vintage-911206/Host-sun3/Target-sun3
911206         3119878  vintage-911206/Host-sun3/Target-sun3/bin
911206         4793435  vintage-911206/Host-sun3/Target-sun3/lib
911206         9341793  vintage-911206/Host-sun4
911206         9341793  vintage-911206/Host-sun4/Target-sun4
911206         3825963  vintage-911206/Host-sun4/Target-sun4/bin
911206         5515830  vintage-911206/Host-sun4/Target-sun4/lib
911206        23819915  vintage-911206/src
911206          448482  vintage-911206/src/binutils
911206             605  vintage-911206/src/binutils/config
911206           42056  vintage-911206/src/binutils/hp-bin
911206            7968  vintage-911206/src/binutils/hp-include
911206          424978  vintage-911206/src/bison
911206              85  vintage-911206/src/bison/config
911206         9118182  vintage-911206/src/emacs
911206         1811851  vintage-911206/src/emacs/etc
911206           28838  vintage-911206/src/emacs/info
911206         3963570  vintage-911206/src/emacs/lisp
911206          900882  vintage-911206/src/emacs/man
911206         2310628  vintage-911206/src/emacs/src
911206         1459953  vintage-911206/src/gas
911206             847  vintage-911206/src/gas/config
911206         6265621  vintage-911206/src/gcc
911206         1790276  vintage-911206/src/gcc/config
911206         3329025  vintage-911206/src/gdb
911206            7799  vintage-911206/src/gdb/hp-include
911206          292721  vintage-911206/src/gdb/readline
911206          215967  vintage-911206/src/gnulib
911206           18711  vintage-911206/src/gnulib/gnulib1
911206           32338  vintage-911206/src/gnulib/gnulib1.m68k
911206           28304  vintage-911206/src/gnulib/gnulib1.sparc
911206           39458  vintage-911206/src/gnulib/gnulib1.sun3
911206           30638  vintage-911206/src/gnulib/gnulib1.sun4
911206           41926  vintage-911206/src/gnulib/gnulib2
911206          750301  vintage-911206/src/ispell
911206          346210  vintage-911206/src/ld
911206             339  vintage-911206/src/ld/config
911206          306470  vintage-911206/src/makeinfo
911206          447216  vintage-911206/src/patch
911206            5370  vintage-911206/src/patch/BUGS
911206          114643  vintage-911206/src/patch/Patches
911206             960  vintage-911206/src/patch/UU
911206           24937  vintage-911206/src/pi
911206          174511  vintage-911206/src/texi2roff
911206          319869  vintage-911206/src/texinfo
_etc_            26720  Install
_etc_            27325  Install.ptf
_etc_            49269  README
