_etc_             2085  README.vort
_etc_             6361  ppmtovort.c
_etc_             1539  vorttoppm.c
vort           1541459  vort
vort             42834  vort/X11
vort              8906  vort/apollo
vort            887049  vort/art
vort             78436  vort/art/docs
vort            338512  vort/art/scenes
vort            470101  vort/art/src
vort             43940  vort/docs
vort              7000  vort/iris
vort             46415  vort/lib
vort            119606  vort/movies
vort             89292  vort/movies/chess
vort              9432  vort/movies/crank
vort              2523  vort/movies/cylinder
vort              8787  vort/movies/mech
vort              5083  vort/movies/spheres
vort              3464  vort/movies/superq
vort             17841  vort/old
vort            156642  vort/pc
vort             37441  vort/sun
vort             64305  vort/text3d
vort             97576  vort/tools
vort              2864  vort/tutes
