volume01       1936559  volume1
volume01        243641  volume1/alv
volume01         53156  volume1/ansi-sunview
volume01         42552  volume1/calctool
volume01        349905  volume1/calentool
volume01          5198  volume1/colorsplines
volume01         57406  volume1/contool2.2
volume01         50142  volume1/ethertools-3.x
volume01        275592  volume1/hype
volume01         96871  volume1/mazewar
volume01         36958  volume1/palette
volume01        336064  volume1/tooltool2.1c
volume01        144264  volume1/touchup2.5
volume01         43442  volume1/trackertool
volume02        476223  volume2
volume02         71774  volume2/3270tool
volume02        104439  volume2/boss-sparc
volume02        120576  volume2/calentool
volume02        122859  volume2/contool3.0
volume02         11486  volume2/tahoe-systat
