1_04           2766864  groff-1.04
1_04             89105  groff-1.04/doc
1_04             17859  groff-1.04/driver
1_04            124098  groff-1.04/dvi
1_04             83508  groff-1.04/dvi/devdvi
1_04            180353  groff-1.04/eqn
1_04             28588  groff-1.04/etc
1_04            110779  groff-1.04/lib
1_04            106914  groff-1.04/macros
1_04            171221  groff-1.04/man
1_04             70877  groff-1.04/mm
1_04              2804  groff-1.04/mm/mm
1_04            295865  groff-1.04/pic
1_04            422514  groff-1.04/ps
1_04            339177  groff-1.04/ps/devps
1_04            241054  groff-1.04/refer
1_04            106308  groff-1.04/tbl
1_04            433841  groff-1.04/troff
1_04             20527  groff-1.04/tty
1_04              3327  groff-1.04/tty/devascii
1_04              5615  groff-1.04/tty/devlatin1
1_04            150851  groff-1.04/xditview
