4_019          1820627  perl-4.019
4_019            47913  perl-4.019/eg
4_019            10774  perl-4.019/eg/g
4_019            14550  perl-4.019/eg/scan
4_019             3036  perl-4.019/eg/sysvipc
4_019             3927  perl-4.019/eg/van
4_019            68479  perl-4.019/emacs
4_019            12398  perl-4.019/h2pl
4_019             6506  perl-4.019/h2pl/eg
4_019             5791  perl-4.019/h2pl/eg/sys
4_019             5252  perl-4.019/hints
4_019            87133  perl-4.019/lib
4_019            59679  perl-4.019/msdos
4_019             2897  perl-4.019/msdos/eg
4_019            82718  perl-4.019/os2
4_019             2723  perl-4.019/os2/eg
4_019           100493  perl-4.019/t
4_019             2948  perl-4.019/t/base
4_019             9670  perl-4.019/t/cmd
4_019             7422  perl-4.019/t/comp
4_019             7441  perl-4.019/t/io
4_019             4374  perl-4.019/t/lib
4_019            66120  perl-4.019/t/op
4_019            43722  perl-4.019/usub
4_019           155734  perl-4.019/x2p
