1_37_0         2278644  libg++-1.37.0
1_37_0          401221  libg++-1.37.0/etc
1_37_0           58726  libg++-1.37.0/etc/ADT-examples
1_37_0           31534  libg++-1.37.0/etc/PlotFile3D
1_37_0           56781  libg++-1.37.0/etc/benchmarks
1_37_0           51079  libg++-1.37.0/etc/graph
1_37_0           26634  libg++-1.37.0/etc/lf
1_37_0           44836  libg++-1.37.0/etc/trie-gen
1_37_0          736177  libg++-1.37.0/g++-include
1_37_0            2693  libg++-1.37.0/g++-include/sys
1_37_0          285292  libg++-1.37.0/gperf
1_37_0          123456  libg++-1.37.0/gperf/src
1_37_0           52308  libg++-1.37.0/gperf/tests
1_37_0           15011  libg++-1.37.0/proto-kit
1_37_0          386462  libg++-1.37.0/src
1_37_0          224068  libg++-1.37.0/tests
1_39_0         2726866  libg++-1.39.0
1_39_0          400454  libg++-1.39.0/etc
1_39_0           47599  libg++-1.39.0/etc/ADT-examples
1_39_0           31815  libg++-1.39.0/etc/PlotFile3D
1_39_0           55693  libg++-1.39.0/etc/benchmarks
1_39_0           56638  libg++-1.39.0/etc/graph
1_39_0           26610  libg++-1.39.0/etc/lf
1_39_0           44864  libg++-1.39.0/etc/trie-gen
1_39_0          775271  libg++-1.39.0/g++-include
1_39_0          445074  libg++-1.39.0/g++-include/gen
1_39_0            3471  libg++-1.39.0/g++-include/sys
1_39_0          543920  libg++-1.39.0/gperf
1_39_0          323167  libg++-1.39.0/gperf/src
1_39_0           54520  libg++-1.39.0/gperf/tests
1_39_0           33769  libg++-1.39.0/proto-kit
1_39_0          416553  libg++-1.39.0/src
1_39_0          203345  libg++-1.39.0/tests
1_39_0          102889  libg++-1.39.0/vms
