5_6               5486  Install
5_6              10978  Makefile
5_6               5577  Makefile.temp
5_6              14162  README
5_6               6048  RunNet
5_6               4574  RunNet.ksh
5_6              52452  Tutorial
5_6             977330  doc
5_6              41286  example
5_6              32905  example/net
5_6                379  example/pat
5_6               2467  example/scr
5_6                  0  example/wts
5_6               3761  lib
5_6                929  netcsh
5_6                882  netkorn
5_6               8601  planet.el
5_6               1351  psc.defs
5_6              72462  ref
5_6                 60  sed.gethelp
5_6               1288  sed.helpfile
5_6             747778  src
