1_605          2023749  .
1_605           737005  ./V
1_605             2235  ./V/bin
1_605           284193  ./V/c
1_605           267217  ./V/cmpnew
1_605            47007  ./V/h
1_605             1128  ./V/ild
1_605           104915  ./V/lsp
1_605            14141  ./V/o
1_605            13151  ./V/unixport
1_605             2271  ./aix3_mprotect
1_605           349144  ./c
1_605            23339  ./cmpnew
1_605           354495  ./doc
1_605           120427  ./h
1_605           165115  ./lsp
1_605            13396  ./misc
1_605           166317  ./mp
1_605            45760  ./unixport
1_605            17438  ./xbin
_etc_             6764  akcl.installation.guide
_etc_           236099  kcl-report.tex
_etc_            14682  kcl.broadcast
_etc_             8284  kcl.faq
_etc_             6241  rascal.README
